DEBUG - {}
DEBUG - {}
DEBUG - {}
DEBUG - {}
DEBUG - {33}
DEBUG - {}
DEBUG - {}
DEBUG - {33, 40, 47, 144, 153}
DEBUG - {}
DEBUG - {}
DEBUG - {1, 19, 20, 33, 40, 42, 43, 44, 48, 52, 65, 110, 114, 156, 158, 159}
DEBUG - {44, 135, 136}
DEBUG - {29, 33, 40, 48, 64, 70, 77, 82, 144, 145}
DEBUG - {33, 87, 88, 89, 120}
DEBUG - {33, 126}
DEBUG - {}
DEBUG - {24, 33, 122, 124}
DEBUG - {}
DEBUG - {}
DEBUG - {}
DEBUG - {19, 20, 21, 24, 33, 38, 40, 42, 43}
DEBUG - {}
DEBUG - {27, 28, 33, 40, 43, 44, 91, 93, 105, 133, 134, 147}
DEBUG - {19, 33, 39, 40, 43, 48, 98, 101, 102, 103, 106, 156}
DEBUG - {24, 28, 33, 40, 42, 43, 44, 91, 93, 132, 133}
DEBUG - {}
DEBUG - {}
DEBUG - {}
DEBUG - {19, 23, 33, 40, 114}
DEBUG - {11, 24, 25, 33, 40, 42, 43, 121, 122, 125, 131}
DEBUG - {}
DEBUG - {}
DEBUG - {}
DEBUG - {}
DEBUG - {}
DEBUG - {}
DEBUG - {}
DEBUG - {}
DEBUG - {}
DEBUG - {}
DEBUG - {33, 40, 114, 118}
DEBUG - {}
DEBUG - {}
DEBUG - {}
DEBUG - {}
DEBUG - {}
DEBUG - {}
DEBUG - {}
DEBUG - {}
DEBUG - {}
DEBUG - {}
DEBUG - {2, 3, 7, 8, 33, 40, 41, 42, 43, 48, 63, 65, 79}
DEBUG - {40, 59}
DEBUG - {19, 20, 33, 40, 42, 43, 79, 80, 104, 155, 156, 157}
DEBUG - {}
DEBUG - {}
DEBUG - {}
DEBUG - {}
DEBUG - {33, 40, 42, 48, 145, 146}
DEBUG - {}
DEBUG - {}
DEBUG - {19, 25, 33, 40, 41, 42, 60, 81}
DEBUG - {}
DEBUG - {}
DEBUG - {}
DEBUG - {20, 33, 55, 56, 61, 76, 114}
DEBUG - {1, 20, 33, 55, 56, 61, 114}
DEBUG - {}
DEBUG - {11, 19, 20, 21, 24, 30, 31, 33, 40, 42, 43, 48, 51, 52, 122, 123, 124, 127, 128, 129, 130}
DEBUG - {1, 16, 17, 19, 20, 24, 33, 40, 42, 43, 44, 45, 48, 49, 51, 52, 53, 55, 65, 76, 81, 110, 111, 113, 114, 117, 118, 156, 158}
DEBUG - {}
DEBUG - {}
DEBUG - {}
DEBUG - {}
DEBUG - {33, 50, 61, 106, 135}
DEBUG - {}
DEBUG - {16, 33, 47, 135}
DEBUG - {20, 33, 34, 44, 50, 61, 148}
DEBUG - {33, 40, 50, 61, 103, 106, 135}
DEBUG - {7, 20, 33, 50, 61, 135, 140}
DEBUG - {19, 20, 33, 34, 44, 50, 61, 148}
DEBUG - {}
DEBUG - {}
DEBUG - {}
DEBUG - {}
DEBUG - {}
DEBUG - {}
DEBUG - {}
DEBUG - {}
DEBUG - {}
DEBUG - {}
DEBUG - {}
DEBUG - {33, 40, 123}
DEBUG - {24, 40, 42, 48}
DEBUG - {}
DEBUG - {19, 20, 87, 89, 119}
DEBUG - {36, 40, 48}
DEBUG - {33, 40, 68, 73, 74, 78, 106, 135}
DEBUG - {}
DEBUG - {}
DEBUG - {}
DEBUG - {}
DEBUG - {19, 20, 33, 34, 38, 40, 42, 43, 44, 46, 48, 58, 61, 92, 94, 147, 149, 150}
DEBUG - {24, 26, 33, 40}
DEBUG - {1, 6, 33, 40, 63, 64, 70, 147}
DEBUG - {1, 24, 33, 34, 40, 42, 99, 147}
DEBUG - {}
DEBUG - {}
DEBUG - {}
DEBUG - {}
DEBUG - {33, 144}
DEBUG - {24, 26, 33, 40, 42, 48, 123, 126, 127}
DEBUG - {}
DEBUG - {}
DEBUG - {}
DEBUG - {}
DEBUG - {}
DEBUG - {}
DEBUG - {}
DEBUG - {1, 2, 5, 7, 8, 11, 16, 17, 18, 19, 20, 21, 24, 25, 26, 33, 35, 37, 40, 42, 43, 44, 47, 48, 55, 56, 57, 58, 60, 61, 68, 69, 71, 74, 78, 79, 80, 81, 83, 102, 104, 106, 136, 137, 138, 139, 140, 141, 142, 143}
DEBUG - {}
DEBUG - {}
DEBUG - {}
DEBUG - {}
DEBUG - {40, 42, 43, 101, 105}
DEBUG - {}
DEBUG - {}
DEBUG - {}
DEBUG - {0, 1, 4, 6, 7, 9, 10, 12, 14, 15, 16, 17, 19, 20, 24, 27, 32, 33, 34, 40, 42, 43, 44, 48, 62, 64, 67, 70, 85, 86, 90, 92, 95, 96, 97, 99, 100, 101, 102, 103, 104, 105, 107, 108, 109, 148, 151, 152}
DEBUG - {}
DEBUG - {}
DEBUG - {}
DEBUG - {}
DEBUG - {33, 72}
DEBUG - {}
DEBUG - {}
DEBUG - {1, 2, 7, 8, 19, 22, 33, 40, 43, 45, 48, 49, 55, 71, 79, 110, 156, 158}
DEBUG - {33, 40, 73, 78, 79, 84, 102, 106, 135, 142}
DEBUG - {}
DEBUG - {33, 105, 132}
DEBUG - {}
DEBUG - {33, 40, 122, 123, 126}
DEBUG - {}
DEBUG - {}
DEBUG - {1, 7, 19, 20, 24, 33, 40, 42, 53, 54, 55, 58, 61, 74, 75, 76, 77, 80, 112, 115, 116, 117, 118, 156, 158}
DEBUG - {}
DEBUG - {}
DEBUG - {19, 20, 21, 24, 31, 33, 40, 43, 52, 65, 66, 68, 76, 130}
DEBUG - {}
DEBUG - {}
DEBUG - {}
DEBUG - {}
DEBUG - {}
DEBUG - {}
DEBUG - {}
DEBUG - {}
DEBUG - {}
DEBUG - {33, 48}
DEBUG - {40, 106, 135}
DEBUG - {}
DEBUG - {}
DEBUG - {}
DEBUG - {}
DEBUG - {12, 13, 15, 40, 42, 43, 48, 101, 103, 105}
DEBUG - {}
DEBUG - {12, 13, 15, 33, 40, 41, 42, 43, 44, 47, 48, 101, 103, 105, 144, 154}
DEBUG - {}
DEBUG - total true bits among feature sets: 536
DEBUG - Printing edges represented by feature sets...
DEBUG - org.apache.commons.daemon.DaemonUserSignal java.lang.Object
DEBUG - org.apache.juli.OneLineFormatter$1 java.lang.Object
DEBUG - org.apache.juli.OneLineFormatter$1 java.lang.String
DEBUG - org.apache.juli.OneLineFormatter$1 java.lang.ThreadLocal
DEBUG - org.apache.juli.OneLineFormatter$1 org.apache.juli.DateFormatCache
DEBUG - org.apache.juli.OneLineFormatter$1 org.apache.juli.OneLineFormatter
DEBUG - org.apache.catalina.startup.Tool java.io.File
DEBUG - org.apache.catalina.startup.Tool java.lang.Class
DEBUG - org.apache.catalina.startup.Tool java.lang.ClassLoader
DEBUG - org.apache.catalina.startup.Tool java.lang.Object
DEBUG - org.apache.catalina.startup.Tool java.lang.String
DEBUG - org.apache.catalina.startup.Tool java.lang.StringBuilder
DEBUG - org.apache.catalina.startup.Tool java.lang.System
DEBUG - org.apache.catalina.startup.Tool java.lang.Thread
DEBUG - org.apache.catalina.startup.Tool java.lang.Throwable
DEBUG - org.apache.catalina.startup.Tool java.lang.reflect.Method
DEBUG - org.apache.catalina.startup.Tool java.util.ArrayList
DEBUG - org.apache.catalina.startup.Tool org.apache.catalina.Globals
DEBUG - org.apache.catalina.startup.Tool org.apache.catalina.startup.ClassLoaderFactory
DEBUG - org.apache.catalina.startup.Tool org.apache.juli.logging.Log
DEBUG - org.apache.catalina.startup.Tool org.apache.juli.logging.LogFactory
DEBUG - org.apache.catalina.startup.Tool org.apache.tomcat.util.ExceptionUtils
DEBUG - org.apache.juli.ClassLoaderLogManager$Cleaner java.lang.Thread
DEBUG - org.apache.juli.ClassLoaderLogManager$Cleaner org.apache.juli.ClassLoaderLogManager
DEBUG - org.apache.juli.ClassLoaderLogManager$Cleaner org.apache.juli.ClassLoaderLogManager$1
DEBUG - org.apache.juli.DateFormatCache$Cache java.lang.Long
DEBUG - org.apache.juli.DateFormatCache$Cache java.lang.Object
DEBUG - org.apache.juli.DateFormatCache$Cache java.lang.String
DEBUG - org.apache.juli.DateFormatCache$Cache java.lang.Throwable
DEBUG - org.apache.juli.DateFormatCache$Cache java.text.SimpleDateFormat
DEBUG - org.apache.juli.DateFormatCache$Cache java.util.Date
DEBUG - org.apache.juli.DateFormatCache$Cache java.util.Locale
DEBUG - org.apache.juli.DateFormatCache$Cache java.util.TimeZone
DEBUG - org.apache.juli.DateFormatCache$Cache org.apache.juli.DateFormatCache
DEBUG - org.apache.juli.DateFormatCache$Cache org.apache.juli.DateFormatCache$1
DEBUG - org.apache.catalina.startup.SafeForkJoinWorkerThreadFactory java.lang.Object
DEBUG - org.apache.catalina.startup.SafeForkJoinWorkerThreadFactory java.util.concurrent.ForkJoinPool
DEBUG - org.apache.catalina.startup.SafeForkJoinWorkerThreadFactory java.util.concurrent.ForkJoinPool$ForkJoinWorkerThreadFactory
DEBUG - org.apache.catalina.startup.SafeForkJoinWorkerThreadFactory java.util.concurrent.ForkJoinWorkerThread
DEBUG - org.apache.catalina.startup.SafeForkJoinWorkerThreadFactory org.apache.catalina.startup.SafeForkJoinWorkerThreadFactory$SafeForkJoinWorkerThread
DEBUG - org.apache.commons.daemon.support.DaemonLoader$1 java.lang.Object
DEBUG - org.apache.commons.daemon.support.DaemonLoader$1 org.apache.commons.daemon.support.DaemonLoader
DEBUG - org.apache.commons.daemon.Daemon java.lang.Exception
DEBUG - org.apache.commons.daemon.Daemon java.lang.Object
DEBUG - org.apache.commons.daemon.Daemon org.apache.commons.daemon.DaemonContext
DEBUG - org.apache.commons.daemon.Daemon org.apache.commons.daemon.DaemonInitException
DEBUG - org.apache.catalina.security.SecurityClassLoad java.lang.Class
DEBUG - org.apache.catalina.security.SecurityClassLoad java.lang.ClassLoader
DEBUG - org.apache.catalina.security.SecurityClassLoad java.lang.ClassNotFoundException
DEBUG - org.apache.catalina.security.SecurityClassLoad java.lang.Exception
DEBUG - org.apache.catalina.security.SecurityClassLoad java.lang.Object
DEBUG - org.apache.catalina.security.SecurityClassLoad java.lang.SecurityManager
DEBUG - org.apache.catalina.security.SecurityClassLoad java.lang.String
DEBUG - org.apache.catalina.security.SecurityClassLoad java.lang.StringBuilder
DEBUG - org.apache.catalina.security.SecurityClassLoad java.lang.System
DEBUG - org.apache.juli.AsyncFileHandler java.lang.Integer
DEBUG - org.apache.juli.AsyncFileHandler java.lang.InterruptedException
DEBUG - org.apache.juli.AsyncFileHandler java.lang.Object
DEBUG - org.apache.juli.AsyncFileHandler java.lang.String
DEBUG - org.apache.juli.AsyncFileHandler java.lang.System
DEBUG - org.apache.juli.AsyncFileHandler java.lang.Thread
DEBUG - org.apache.juli.AsyncFileHandler java.util.concurrent.LinkedBlockingDeque
DEBUG - org.apache.juli.AsyncFileHandler java.util.concurrent.TimeUnit
DEBUG - org.apache.juli.AsyncFileHandler java.util.logging.LogRecord
DEBUG - org.apache.juli.AsyncFileHandler org.apache.juli.AsyncFileHandler$LogEntry
DEBUG - org.apache.juli.AsyncFileHandler org.apache.juli.AsyncFileHandler$LoggerThread
DEBUG - org.apache.juli.AsyncFileHandler org.apache.juli.FileHandler
DEBUG - org.apache.juli.logging.DirectJDKLog java.lang.Class
DEBUG - org.apache.juli.logging.DirectJDKLog java.lang.Object
DEBUG - org.apache.juli.logging.DirectJDKLog java.lang.StackTraceElement
DEBUG - org.apache.juli.logging.DirectJDKLog java.lang.String
DEBUG - org.apache.juli.logging.DirectJDKLog java.lang.System
DEBUG - org.apache.juli.logging.DirectJDKLog java.lang.Throwable
DEBUG - org.apache.juli.logging.DirectJDKLog java.util.logging.ConsoleHandler
DEBUG - org.apache.juli.logging.DirectJDKLog java.util.logging.Formatter
DEBUG - org.apache.juli.logging.DirectJDKLog java.util.logging.Handler
DEBUG - org.apache.juli.logging.DirectJDKLog java.util.logging.Level
DEBUG - org.apache.juli.logging.DirectJDKLog java.util.logging.Logger
DEBUG - org.apache.juli.logging.DirectJDKLog org.apache.juli.logging.Log
DEBUG - org.apache.juli.AsyncFileHandler$LoggerThread java.lang.Exception
DEBUG - org.apache.juli.AsyncFileHandler$LoggerThread java.lang.InterruptedException
DEBUG - org.apache.juli.AsyncFileHandler$LoggerThread java.lang.Object
DEBUG - org.apache.juli.AsyncFileHandler$LoggerThread java.lang.String
DEBUG - org.apache.juli.AsyncFileHandler$LoggerThread java.lang.StringBuilder
DEBUG - org.apache.juli.AsyncFileHandler$LoggerThread java.lang.System
DEBUG - org.apache.juli.AsyncFileHandler$LoggerThread java.lang.Thread
DEBUG - org.apache.juli.AsyncFileHandler$LoggerThread java.util.concurrent.LinkedBlockingDeque
DEBUG - org.apache.juli.AsyncFileHandler$LoggerThread java.util.concurrent.TimeUnit
DEBUG - org.apache.juli.AsyncFileHandler$LoggerThread org.apache.juli.AsyncFileHandler
DEBUG - org.apache.juli.AsyncFileHandler$LoggerThread org.apache.juli.AsyncFileHandler$LogEntry
DEBUG - org.apache.catalina.startup.ClassLoaderFactory$RepositoryType java.lang.Class
DEBUG - org.apache.catalina.startup.ClassLoaderFactory$RepositoryType java.lang.Enum
DEBUG - org.apache.catalina.startup.ClassLoaderFactory$RepositoryType java.lang.Object
DEBUG - org.apache.catalina.startup.ClassLoaderFactory$RepositoryType java.lang.String
DEBUG - org.apache.catalina.startup.ClassLoaderFactory$RepositoryType org.apache.catalina.startup.ClassLoaderFactory
DEBUG - org.apache.commons.daemon.support.DaemonWrapper java.io.PrintStream
DEBUG - org.apache.commons.daemon.support.DaemonWrapper java.lang.Exception
DEBUG - org.apache.commons.daemon.support.DaemonWrapper java.lang.IllegalArgumentException
DEBUG - org.apache.commons.daemon.support.DaemonWrapper java.lang.Object
DEBUG - org.apache.commons.daemon.support.DaemonWrapper java.lang.String
DEBUG - org.apache.commons.daemon.support.DaemonWrapper java.lang.StringBuilder
DEBUG - org.apache.commons.daemon.support.DaemonWrapper java.lang.System
DEBUG - org.apache.commons.daemon.support.DaemonWrapper org.apache.commons.daemon.Daemon
DEBUG - org.apache.commons.daemon.support.DaemonWrapper org.apache.commons.daemon.DaemonContext
DEBUG - org.apache.commons.daemon.support.DaemonWrapper org.apache.commons.daemon.support.DaemonConfiguration
DEBUG - org.apache.commons.daemon.support.DaemonWrapper org.apache.commons.daemon.support.DaemonWrapper$Invoker
DEBUG - org.apache.catalina.startup.ClassLoaderFactory$Repository java.lang.Object
DEBUG - org.apache.catalina.startup.ClassLoaderFactory$Repository java.lang.String
DEBUG - org.apache.catalina.startup.ClassLoaderFactory$Repository org.apache.catalina.startup.ClassLoaderFactory
DEBUG - org.apache.catalina.startup.ClassLoaderFactory$Repository org.apache.catalina.startup.ClassLoaderFactory$RepositoryType
DEBUG - org.apache.commons.daemon.support.DaemonConfiguration java.io.FileInputStream
DEBUG - org.apache.commons.daemon.support.DaemonConfiguration java.io.FileNotFoundException
DEBUG - org.apache.commons.daemon.support.DaemonConfiguration java.io.IOException
DEBUG - org.apache.commons.daemon.support.DaemonConfiguration java.io.InputStream
DEBUG - org.apache.commons.daemon.support.DaemonConfiguration java.lang.Object
DEBUG - org.apache.commons.daemon.support.DaemonConfiguration java.lang.String
DEBUG - org.apache.commons.daemon.support.DaemonConfiguration java.lang.StringBuffer
DEBUG - org.apache.commons.daemon.support.DaemonConfiguration java.lang.StringBuilder
DEBUG - org.apache.commons.daemon.support.DaemonConfiguration java.lang.System
DEBUG - org.apache.commons.daemon.support.DaemonConfiguration java.lang.Throwable
DEBUG - org.apache.commons.daemon.support.DaemonConfiguration java.text.ParseException
DEBUG - org.apache.commons.daemon.support.DaemonConfiguration java.util.ArrayList
DEBUG - org.apache.commons.daemon.support.DaemonConfiguration java.util.Properties
DEBUG - org.apache.naming.JndiPermission java.lang.String
DEBUG - org.apache.naming.JndiPermission java.security.BasicPermission
DEBUG - org.apache.juli.logging.LogFactory java.lang.Class
DEBUG - org.apache.juli.logging.LogFactory java.lang.ClassLoader
DEBUG - org.apache.juli.logging.LogFactory java.lang.Object
DEBUG - org.apache.juli.logging.LogFactory java.lang.String
DEBUG - org.apache.juli.logging.LogFactory java.lang.StringBuilder
DEBUG - org.apache.juli.logging.LogFactory java.lang.System
DEBUG - org.apache.juli.logging.LogFactory java.util.Properties
DEBUG - org.apache.juli.logging.LogFactory java.util.Set
DEBUG - org.apache.juli.logging.LogFactory java.util.logging.LogManager
DEBUG - org.apache.juli.logging.LogFactory org.apache.juli.logging.DirectJDKLog
DEBUG - org.apache.juli.logging.LogFactory org.apache.juli.logging.Log
DEBUG - org.apache.juli.logging.LogFactory org.apache.juli.logging.LogConfigurationException
DEBUG - org.apache.juli.DateFormatCache java.lang.Object
DEBUG - org.apache.juli.DateFormatCache java.lang.String
DEBUG - org.apache.juli.DateFormatCache java.lang.StringBuilder
DEBUG - org.apache.juli.DateFormatCache java.lang.Throwable
DEBUG - org.apache.juli.DateFormatCache org.apache.juli.DateFormatCache$1
DEBUG - org.apache.juli.DateFormatCache org.apache.juli.DateFormatCache$Cache
DEBUG - org.apache.commons.daemon.DaemonPermission java.lang.Class
DEBUG - org.apache.commons.daemon.DaemonPermission java.lang.IllegalArgumentException
DEBUG - org.apache.commons.daemon.DaemonPermission java.lang.Object
DEBUG - org.apache.commons.daemon.DaemonPermission java.lang.String
DEBUG - org.apache.commons.daemon.DaemonPermission java.lang.StringBuffer
DEBUG - org.apache.commons.daemon.DaemonPermission java.lang.StringBuilder
DEBUG - org.apache.commons.daemon.DaemonPermission java.security.Permission
DEBUG - org.apache.commons.daemon.DaemonPermission java.util.StringTokenizer
DEBUG - org.apache.catalina.startup.ClassLoaderFactory$2 java.lang.ClassLoader
DEBUG - org.apache.catalina.startup.ClassLoaderFactory$2 java.lang.Object
DEBUG - org.apache.catalina.startup.ClassLoaderFactory$2 java.net.URL
DEBUG - org.apache.catalina.startup.ClassLoaderFactory$2 java.net.URLClassLoader
DEBUG - org.apache.catalina.startup.ClassLoaderFactory$2 java.security.PrivilegedAction
DEBUG - org.apache.catalina.startup.ClassLoaderFactory$2 java.util.List
DEBUG - org.apache.catalina.startup.ClassLoaderFactory$2 org.apache.catalina.startup.ClassLoaderFactory
DEBUG - org.apache.catalina.startup.ClassLoaderFactory$1 java.io.File
DEBUG - org.apache.catalina.startup.ClassLoaderFactory$1 java.lang.ClassLoader
DEBUG - org.apache.catalina.startup.ClassLoaderFactory$1 java.lang.Object
DEBUG - org.apache.catalina.startup.ClassLoaderFactory$1 java.net.URL
DEBUG - org.apache.catalina.startup.ClassLoaderFactory$1 java.net.URLClassLoader
DEBUG - org.apache.catalina.startup.ClassLoaderFactory$1 java.security.PrivilegedAction
DEBUG - org.apache.catalina.startup.ClassLoaderFactory$1 org.apache.catalina.startup.ClassLoaderFactory
DEBUG - org.apache.commons.daemon.support.DaemonLoader java.io.PrintStream
DEBUG - org.apache.commons.daemon.support.DaemonLoader java.lang.Class
DEBUG - org.apache.commons.daemon.support.DaemonLoader java.lang.ClassLoader
DEBUG - org.apache.commons.daemon.support.DaemonLoader java.lang.ClassNotFoundException
DEBUG - org.apache.commons.daemon.support.DaemonLoader java.lang.Exception
DEBUG - org.apache.commons.daemon.support.DaemonLoader java.lang.NoSuchMethodException
DEBUG - org.apache.commons.daemon.support.DaemonLoader java.lang.NullPointerException
DEBUG - org.apache.commons.daemon.support.DaemonLoader java.lang.Object
DEBUG - org.apache.commons.daemon.support.DaemonLoader java.lang.String
DEBUG - org.apache.commons.daemon.support.DaemonLoader java.lang.StringBuilder
DEBUG - org.apache.commons.daemon.support.DaemonLoader java.lang.System
DEBUG - org.apache.commons.daemon.support.DaemonLoader java.lang.Throwable
DEBUG - org.apache.commons.daemon.support.DaemonLoader java.lang.reflect.InvocationTargetException
DEBUG - org.apache.commons.daemon.support.DaemonLoader java.lang.reflect.Method
DEBUG - org.apache.commons.daemon.support.DaemonLoader org.apache.commons.daemon.DaemonContext
DEBUG - org.apache.commons.daemon.support.DaemonLoader org.apache.commons.daemon.DaemonController
DEBUG - org.apache.commons.daemon.support.DaemonLoader org.apache.commons.daemon.DaemonInitException
DEBUG - org.apache.commons.daemon.support.DaemonLoader org.apache.commons.daemon.support.DaemonLoader$1
DEBUG - org.apache.commons.daemon.support.DaemonLoader org.apache.commons.daemon.support.DaemonLoader$Context
DEBUG - org.apache.commons.daemon.support.DaemonLoader org.apache.commons.daemon.support.DaemonLoader$Controller
DEBUG - org.apache.commons.daemon.support.DaemonLoader org.apache.commons.daemon.support.DaemonWrapper
DEBUG - org.apache.catalina.startup.Bootstrap java.io.File
DEBUG - org.apache.catalina.startup.Bootstrap java.lang.Boolean
DEBUG - org.apache.catalina.startup.Bootstrap java.lang.CharSequence
DEBUG - org.apache.catalina.startup.Bootstrap java.lang.Class
DEBUG - org.apache.catalina.startup.Bootstrap java.lang.ClassLoader
DEBUG - org.apache.catalina.startup.Bootstrap java.lang.Exception
DEBUG - org.apache.catalina.startup.Bootstrap java.lang.Object
DEBUG - org.apache.catalina.startup.Bootstrap java.lang.String
DEBUG - org.apache.catalina.startup.Bootstrap java.lang.StringBuilder
DEBUG - org.apache.catalina.startup.Bootstrap java.lang.System
DEBUG - org.apache.catalina.startup.Bootstrap java.lang.Thread
DEBUG - org.apache.catalina.startup.Bootstrap java.lang.ThreadDeath
DEBUG - org.apache.catalina.startup.Bootstrap java.lang.Throwable
DEBUG - org.apache.catalina.startup.Bootstrap java.lang.VirtualMachineError
DEBUG - org.apache.catalina.startup.Bootstrap java.lang.reflect.InvocationTargetException
DEBUG - org.apache.catalina.startup.Bootstrap java.lang.reflect.Method
DEBUG - org.apache.catalina.startup.Bootstrap java.net.MalformedURLException
DEBUG - org.apache.catalina.startup.Bootstrap java.net.URL
DEBUG - org.apache.catalina.startup.Bootstrap java.util.ArrayList
DEBUG - org.apache.catalina.startup.Bootstrap java.util.List
DEBUG - org.apache.catalina.startup.Bootstrap java.util.StringTokenizer
DEBUG - org.apache.catalina.startup.Bootstrap org.apache.catalina.Globals
DEBUG - org.apache.catalina.startup.Bootstrap org.apache.catalina.security.SecurityClassLoad
DEBUG - org.apache.catalina.startup.Bootstrap org.apache.catalina.startup.CatalinaProperties
DEBUG - org.apache.catalina.startup.Bootstrap org.apache.catalina.startup.ClassLoaderFactory
DEBUG - org.apache.catalina.startup.Bootstrap org.apache.catalina.startup.ClassLoaderFactory$Repository
DEBUG - org.apache.catalina.startup.Bootstrap org.apache.catalina.startup.ClassLoaderFactory$RepositoryType
DEBUG - org.apache.catalina.startup.Bootstrap org.apache.juli.logging.Log
DEBUG - org.apache.catalina.startup.Bootstrap org.apache.juli.logging.LogFactory
DEBUG - org.apache.juli.ClassLoaderLogManager$4 java.lang.Object
DEBUG - org.apache.juli.ClassLoaderLogManager$4 java.lang.Void
DEBUG - org.apache.juli.ClassLoaderLogManager$4 java.security.PrivilegedAction
DEBUG - org.apache.juli.ClassLoaderLogManager$4 java.util.logging.Logger
DEBUG - org.apache.juli.ClassLoaderLogManager$4 org.apache.juli.ClassLoaderLogManager
DEBUG - org.apache.juli.ClassLoaderLogManager$1 java.lang.Boolean
DEBUG - org.apache.juli.ClassLoaderLogManager$1 java.lang.Object
DEBUG - org.apache.juli.ClassLoaderLogManager$1 java.lang.ThreadLocal
DEBUG - org.apache.juli.ClassLoaderLogManager$1 org.apache.juli.ClassLoaderLogManager
DEBUG - org.apache.juli.FileHandler$1$2 java.lang.ClassLoader
DEBUG - org.apache.juli.FileHandler$1$2 java.lang.Object
DEBUG - org.apache.juli.FileHandler$1$2 java.lang.Runnable
DEBUG - org.apache.juli.FileHandler$1$2 java.lang.Thread
DEBUG - org.apache.juli.FileHandler$1$2 java.lang.Void
DEBUG - org.apache.juli.FileHandler$1$2 java.security.PrivilegedAction
DEBUG - org.apache.juli.FileHandler$1$2 org.apache.juli.FileHandler$1
DEBUG - org.apache.juli.ClassLoaderLogManager$2 java.lang.Object
DEBUG - org.apache.juli.ClassLoaderLogManager$2 java.lang.String
DEBUG - org.apache.juli.ClassLoaderLogManager$2 java.lang.Void
DEBUG - org.apache.juli.ClassLoaderLogManager$2 java.security.PrivilegedAction
DEBUG - org.apache.juli.ClassLoaderLogManager$2 java.util.logging.Level
DEBUG - org.apache.juli.ClassLoaderLogManager$2 java.util.logging.Logger
DEBUG - org.apache.juli.ClassLoaderLogManager$2 org.apache.juli.ClassLoaderLogManager
DEBUG - org.apache.juli.ClassLoaderLogManager$3 java.io.IOException
DEBUG - org.apache.juli.ClassLoaderLogManager$3 java.lang.ClassLoader
DEBUG - org.apache.juli.ClassLoaderLogManager$3 java.lang.Object
DEBUG - org.apache.juli.ClassLoaderLogManager$3 java.lang.Void
DEBUG - org.apache.juli.ClassLoaderLogManager$3 java.security.PrivilegedAction
DEBUG - org.apache.juli.ClassLoaderLogManager$3 org.apache.juli.ClassLoaderLogManager
DEBUG - org.apache.juli.ClassLoaderLogManager$3 org.apache.juli.ClassLoaderLogManager$ClassLoaderLogInfo
DEBUG - org.apache.juli.FileHandler$1$1 java.lang.Class
DEBUG - org.apache.juli.FileHandler$1$1 java.lang.ClassLoader
DEBUG - org.apache.juli.FileHandler$1$1 java.lang.Object
DEBUG - org.apache.juli.FileHandler$1$1 java.lang.Runnable
DEBUG - org.apache.juli.FileHandler$1$1 java.lang.Thread
DEBUG - org.apache.juli.FileHandler$1$1 java.lang.Void
DEBUG - org.apache.juli.FileHandler$1$1 java.security.PrivilegedAction
DEBUG - org.apache.juli.FileHandler$1$1 org.apache.juli.FileHandler$1
DEBUG - org.apache.commons.daemon.DaemonContext java.lang.Object
DEBUG - org.apache.commons.daemon.DaemonContext java.lang.String
DEBUG - org.apache.commons.daemon.DaemonContext org.apache.commons.daemon.DaemonController
DEBUG - org.apache.commons.daemon.DaemonInitException java.lang.Exception
DEBUG - org.apache.commons.daemon.DaemonInitException java.lang.String
DEBUG - org.apache.commons.daemon.DaemonInitException java.lang.StringBuilder
DEBUG - org.apache.commons.daemon.DaemonInitException java.lang.Throwable
DEBUG - org.apache.catalina.startup.SafeForkJoinWorkerThreadFactory$SafeForkJoinWorkerThread java.lang.Class
DEBUG - org.apache.catalina.startup.SafeForkJoinWorkerThreadFactory$SafeForkJoinWorkerThread java.lang.ClassLoader
DEBUG - org.apache.catalina.startup.SafeForkJoinWorkerThreadFactory$SafeForkJoinWorkerThread java.util.concurrent.ForkJoinPool
DEBUG - org.apache.catalina.startup.SafeForkJoinWorkerThreadFactory$SafeForkJoinWorkerThread java.util.concurrent.ForkJoinWorkerThread
DEBUG - org.apache.catalina.startup.SafeForkJoinWorkerThreadFactory$SafeForkJoinWorkerThread org.apache.catalina.startup.SafeForkJoinWorkerThreadFactory
DEBUG - org.apache.juli.logging.LogConfigurationException java.lang.RuntimeException
DEBUG - org.apache.juli.logging.LogConfigurationException java.lang.String
DEBUG - org.apache.juli.logging.LogConfigurationException java.lang.Throwable
DEBUG - org.apache.juli.ClassLoaderLogManager$LogNode java.lang.Object
DEBUG - org.apache.juli.ClassLoaderLogManager$LogNode java.lang.String
DEBUG - org.apache.juli.ClassLoaderLogManager$LogNode java.util.Collection
DEBUG - org.apache.juli.ClassLoaderLogManager$LogNode java.util.HashMap
DEBUG - org.apache.juli.ClassLoaderLogManager$LogNode java.util.Iterator
DEBUG - org.apache.juli.ClassLoaderLogManager$LogNode java.util.Map
DEBUG - org.apache.juli.ClassLoaderLogManager$LogNode java.util.logging.Logger
DEBUG - org.apache.juli.ClassLoaderLogManager$LogNode org.apache.juli.ClassLoaderLogManager
DEBUG - org.apache.juli.FileHandler$1 java.lang.Class
DEBUG - org.apache.juli.FileHandler$1 java.lang.ClassLoader
DEBUG - org.apache.juli.FileHandler$1 java.lang.Object
DEBUG - org.apache.juli.FileHandler$1 java.lang.Runnable
DEBUG - org.apache.juli.FileHandler$1 java.lang.SecurityManager
DEBUG - org.apache.juli.FileHandler$1 java.lang.String
DEBUG - org.apache.juli.FileHandler$1 java.lang.StringBuilder
DEBUG - org.apache.juli.FileHandler$1 java.lang.System
DEBUG - org.apache.juli.FileHandler$1 java.lang.Thread
DEBUG - org.apache.juli.FileHandler$1 java.lang.ThreadGroup
DEBUG - org.apache.juli.FileHandler$1 java.lang.Throwable
DEBUG - org.apache.juli.FileHandler$1 java.security.AccessController
DEBUG - org.apache.juli.FileHandler$1 java.security.PrivilegedAction
DEBUG - org.apache.juli.FileHandler$1 java.util.concurrent.ThreadFactory
DEBUG - org.apache.juli.FileHandler$1 java.util.concurrent.atomic.AtomicInteger
DEBUG - org.apache.juli.FileHandler$1 org.apache.juli.FileHandler
DEBUG - org.apache.juli.FileHandler$1 org.apache.juli.FileHandler$1$1
DEBUG - org.apache.juli.FileHandler$1 org.apache.juli.FileHandler$1$2
DEBUG - org.apache.commons.daemon.DaemonController java.lang.Exception
DEBUG - org.apache.commons.daemon.DaemonController java.lang.IllegalStateException
DEBUG - org.apache.commons.daemon.DaemonController java.lang.Object
DEBUG - org.apache.commons.daemon.DaemonController java.lang.String
DEBUG - org.apache.juli.FileHandler$3 java.io.File
DEBUG - org.apache.juli.FileHandler$3 java.io.FilenameFilter
DEBUG - org.apache.juli.FileHandler$3 java.lang.Object
DEBUG - org.apache.juli.FileHandler$3 java.lang.String
DEBUG - org.apache.juli.FileHandler$3 java.text.ParseException
DEBUG - org.apache.juli.FileHandler$3 java.text.SimpleDateFormat
DEBUG - org.apache.juli.FileHandler$3 java.util.Date
DEBUG - org.apache.juli.FileHandler$3 org.apache.juli.FileHandler
DEBUG - org.apache.juli.FileHandler$2 java.io.File
DEBUG - org.apache.juli.FileHandler$2 java.lang.Exception
DEBUG - org.apache.juli.FileHandler$2 java.lang.Object
DEBUG - org.apache.juli.FileHandler$2 java.lang.Runnable
DEBUG - org.apache.juli.FileHandler$2 java.lang.String
DEBUG - org.apache.juli.FileHandler$2 java.lang.StringBuilder
DEBUG - org.apache.juli.FileHandler$2 java.util.logging.ErrorManager
DEBUG - org.apache.juli.FileHandler$2 org.apache.juli.FileHandler
DEBUG - org.apache.juli.DateFormatCache$1 java.lang.Object
DEBUG - org.apache.juli.DateFormatCache$1 org.apache.juli.DateFormatCache
DEBUG - org.apache.commons.daemon.support.DaemonLoader$Controller java.lang.Exception
DEBUG - org.apache.commons.daemon.support.DaemonLoader$Controller java.lang.IllegalStateException
DEBUG - org.apache.commons.daemon.support.DaemonLoader$Controller java.lang.Object
DEBUG - org.apache.commons.daemon.support.DaemonLoader$Controller java.lang.String
DEBUG - org.apache.commons.daemon.support.DaemonLoader$Controller java.lang.StringBuilder
DEBUG - org.apache.commons.daemon.support.DaemonLoader$Controller java.lang.Throwable
DEBUG - org.apache.commons.daemon.support.DaemonLoader$Controller org.apache.commons.daemon.DaemonController
DEBUG - org.apache.commons.daemon.support.DaemonLoader$Controller org.apache.commons.daemon.support.DaemonLoader
DEBUG - org.apache.commons.daemon.support.DaemonLoader$Controller org.apache.commons.daemon.support.DaemonLoader$1
DEBUG - org.apache.juli.ClassLoaderLogManager java.io.File
DEBUG - org.apache.juli.ClassLoaderLogManager java.io.FileInputStream
DEBUG - org.apache.juli.ClassLoaderLogManager java.io.FilePermission
DEBUG - org.apache.juli.ClassLoaderLogManager java.io.IOException
DEBUG - org.apache.juli.ClassLoaderLogManager java.io.InputStream
DEBUG - org.apache.juli.ClassLoaderLogManager java.io.PrintStream
DEBUG - org.apache.juli.ClassLoaderLogManager java.lang.Boolean
DEBUG - org.apache.juli.ClassLoaderLogManager java.lang.CharSequence
DEBUG - org.apache.juli.ClassLoaderLogManager java.lang.Character
DEBUG - org.apache.juli.ClassLoaderLogManager java.lang.Class
DEBUG - org.apache.juli.ClassLoaderLogManager java.lang.ClassLoader
DEBUG - org.apache.juli.ClassLoaderLogManager java.lang.ClassNotFoundException
DEBUG - org.apache.juli.ClassLoaderLogManager java.lang.Exception
DEBUG - org.apache.juli.ClassLoaderLogManager java.lang.IllegalArgumentException
DEBUG - org.apache.juli.ClassLoaderLogManager java.lang.IllegalStateException
DEBUG - org.apache.juli.ClassLoaderLogManager java.lang.Object
DEBUG - org.apache.juli.ClassLoaderLogManager java.lang.Runtime
DEBUG - org.apache.juli.ClassLoaderLogManager java.lang.SecurityException
DEBUG - org.apache.juli.ClassLoaderLogManager java.lang.String
DEBUG - org.apache.juli.ClassLoaderLogManager java.lang.StringBuilder
DEBUG - org.apache.juli.ClassLoaderLogManager java.lang.System
DEBUG - org.apache.juli.ClassLoaderLogManager java.lang.Thread
DEBUG - org.apache.juli.ClassLoaderLogManager java.lang.ThreadLocal
DEBUG - org.apache.juli.ClassLoaderLogManager java.lang.Throwable
DEBUG - org.apache.juli.ClassLoaderLogManager java.net.URL
DEBUG - org.apache.juli.ClassLoaderLogManager java.net.URLClassLoader
DEBUG - org.apache.juli.ClassLoaderLogManager java.security.AccessControlException
DEBUG - org.apache.juli.ClassLoaderLogManager java.security.AccessController
DEBUG - org.apache.juli.ClassLoaderLogManager java.security.Permission
DEBUG - org.apache.juli.ClassLoaderLogManager java.security.PrivilegedAction
DEBUG - org.apache.juli.ClassLoaderLogManager java.util.Collection
DEBUG - org.apache.juli.ClassLoaderLogManager java.util.Collections
DEBUG - org.apache.juli.ClassLoaderLogManager java.util.Enumeration
DEBUG - org.apache.juli.ClassLoaderLogManager java.util.Iterator
DEBUG - org.apache.juli.ClassLoaderLogManager java.util.Map
DEBUG - org.apache.juli.ClassLoaderLogManager java.util.Properties
DEBUG - org.apache.juli.ClassLoaderLogManager java.util.Set
DEBUG - org.apache.juli.ClassLoaderLogManager java.util.StringTokenizer
DEBUG - org.apache.juli.ClassLoaderLogManager java.util.WeakHashMap
DEBUG - org.apache.juli.ClassLoaderLogManager java.util.logging.Handler
DEBUG - org.apache.juli.ClassLoaderLogManager java.util.logging.LogManager
DEBUG - org.apache.juli.ClassLoaderLogManager java.util.logging.Logger
DEBUG - org.apache.juli.ClassLoaderLogManager org.apache.juli.ClassLoaderLogManager$1
DEBUG - org.apache.juli.ClassLoaderLogManager org.apache.juli.ClassLoaderLogManager$2
DEBUG - org.apache.juli.ClassLoaderLogManager org.apache.juli.ClassLoaderLogManager$3
DEBUG - org.apache.juli.ClassLoaderLogManager org.apache.juli.ClassLoaderLogManager$4
DEBUG - org.apache.juli.ClassLoaderLogManager org.apache.juli.ClassLoaderLogManager$ClassLoaderLogInfo
DEBUG - org.apache.juli.ClassLoaderLogManager org.apache.juli.ClassLoaderLogManager$Cleaner
DEBUG - org.apache.juli.ClassLoaderLogManager org.apache.juli.ClassLoaderLogManager$LogNode
DEBUG - org.apache.juli.ClassLoaderLogManager org.apache.juli.ClassLoaderLogManager$RootLogger
DEBUG - org.apache.juli.VerbatimFormatter java.lang.String
DEBUG - org.apache.juli.VerbatimFormatter java.lang.StringBuilder
DEBUG - org.apache.juli.VerbatimFormatter java.lang.System
DEBUG - org.apache.juli.VerbatimFormatter java.util.logging.Formatter
DEBUG - org.apache.juli.VerbatimFormatter java.util.logging.LogRecord
DEBUG - org.apache.juli.FileHandler java.io.BufferedOutputStream
DEBUG - org.apache.juli.FileHandler java.io.File
DEBUG - org.apache.juli.FileHandler java.io.FileOutputStream
DEBUG - org.apache.juli.FileHandler java.io.FilenameFilter
DEBUG - org.apache.juli.FileHandler java.io.IOException
DEBUG - org.apache.juli.FileHandler java.io.OutputStream
DEBUG - org.apache.juli.FileHandler java.io.OutputStreamWriter
DEBUG - org.apache.juli.FileHandler java.io.PrintWriter
DEBUG - org.apache.juli.FileHandler java.io.UnsupportedEncodingException
DEBUG - org.apache.juli.FileHandler java.io.Writer
DEBUG - org.apache.juli.FileHandler java.lang.Boolean
DEBUG - org.apache.juli.FileHandler java.lang.CharSequence
DEBUG - org.apache.juli.FileHandler java.lang.Class
DEBUG - org.apache.juli.FileHandler java.lang.ClassLoader
DEBUG - org.apache.juli.FileHandler java.lang.Exception
DEBUG - org.apache.juli.FileHandler java.lang.Integer
DEBUG - org.apache.juli.FileHandler java.lang.NumberFormatException
DEBUG - org.apache.juli.FileHandler java.lang.Object
DEBUG - org.apache.juli.FileHandler java.lang.Runnable
DEBUG - org.apache.juli.FileHandler java.lang.String
DEBUG - org.apache.juli.FileHandler java.lang.StringBuilder
DEBUG - org.apache.juli.FileHandler java.lang.System
DEBUG - org.apache.juli.FileHandler java.lang.Thread
DEBUG - org.apache.juli.FileHandler java.lang.Throwable
DEBUG - org.apache.juli.FileHandler java.sql.Timestamp
DEBUG - org.apache.juli.FileHandler java.text.SimpleDateFormat
DEBUG - org.apache.juli.FileHandler java.util.Calendar
DEBUG - org.apache.juli.FileHandler java.util.Date
DEBUG - org.apache.juli.FileHandler java.util.concurrent.ExecutorService
DEBUG - org.apache.juli.FileHandler java.util.concurrent.Executors
DEBUG - org.apache.juli.FileHandler java.util.concurrent.Future
DEBUG - org.apache.juli.FileHandler java.util.concurrent.ThreadFactory
DEBUG - org.apache.juli.FileHandler java.util.concurrent.locks.Lock
DEBUG - org.apache.juli.FileHandler java.util.concurrent.locks.ReadWriteLock
DEBUG - org.apache.juli.FileHandler java.util.concurrent.locks.ReentrantReadWriteLock
DEBUG - org.apache.juli.FileHandler java.util.logging.ErrorManager
DEBUG - org.apache.juli.FileHandler java.util.logging.Filter
DEBUG - org.apache.juli.FileHandler java.util.logging.Formatter
DEBUG - org.apache.juli.FileHandler java.util.logging.Handler
DEBUG - org.apache.juli.FileHandler java.util.logging.Level
DEBUG - org.apache.juli.FileHandler java.util.logging.LogManager
DEBUG - org.apache.juli.FileHandler java.util.logging.LogRecord
DEBUG - org.apache.juli.FileHandler java.util.logging.SimpleFormatter
DEBUG - org.apache.juli.FileHandler java.util.regex.Matcher
DEBUG - org.apache.juli.FileHandler java.util.regex.Pattern
DEBUG - org.apache.juli.FileHandler org.apache.juli.FileHandler$1
DEBUG - org.apache.juli.FileHandler org.apache.juli.FileHandler$2
DEBUG - org.apache.juli.FileHandler org.apache.juli.FileHandler$3
DEBUG - org.apache.commons.daemon.DaemonListener java.lang.Object
DEBUG - org.apache.commons.daemon.DaemonListener java.util.EventListener
DEBUG - org.apache.catalina.startup.CatalinaProperties java.io.File
DEBUG - org.apache.catalina.startup.CatalinaProperties java.io.FileInputStream
DEBUG - org.apache.catalina.startup.CatalinaProperties java.io.IOException
DEBUG - org.apache.catalina.startup.CatalinaProperties java.io.InputStream
DEBUG - org.apache.catalina.startup.CatalinaProperties java.lang.Class
DEBUG - org.apache.catalina.startup.CatalinaProperties java.lang.Deprecated
DEBUG - org.apache.catalina.startup.CatalinaProperties java.lang.Object
DEBUG - org.apache.catalina.startup.CatalinaProperties java.lang.String
DEBUG - org.apache.catalina.startup.CatalinaProperties java.lang.System
DEBUG - org.apache.catalina.startup.CatalinaProperties java.lang.ThreadDeath
DEBUG - org.apache.catalina.startup.CatalinaProperties java.lang.Throwable
DEBUG - org.apache.catalina.startup.CatalinaProperties java.lang.VirtualMachineError
DEBUG - org.apache.catalina.startup.CatalinaProperties java.net.URL
DEBUG - org.apache.catalina.startup.CatalinaProperties java.util.Enumeration
DEBUG - org.apache.catalina.startup.CatalinaProperties java.util.Properties
DEBUG - org.apache.catalina.startup.CatalinaProperties org.apache.catalina.Globals
DEBUG - org.apache.catalina.startup.CatalinaProperties org.apache.juli.logging.Log
DEBUG - org.apache.catalina.startup.CatalinaProperties org.apache.juli.logging.LogFactory
DEBUG - org.apache.juli.ClassLoaderLogManager$ClassLoaderLogInfo java.lang.Object
DEBUG - org.apache.juli.ClassLoaderLogManager$ClassLoaderLogInfo java.lang.String
DEBUG - org.apache.juli.ClassLoaderLogManager$ClassLoaderLogInfo java.util.HashMap
DEBUG - org.apache.juli.ClassLoaderLogManager$ClassLoaderLogInfo java.util.Map
DEBUG - org.apache.juli.ClassLoaderLogManager$ClassLoaderLogInfo java.util.Properties
DEBUG - org.apache.juli.ClassLoaderLogManager$ClassLoaderLogInfo java.util.concurrent.ConcurrentHashMap
DEBUG - org.apache.juli.ClassLoaderLogManager$ClassLoaderLogInfo java.util.logging.Handler
DEBUG - org.apache.juli.ClassLoaderLogManager$ClassLoaderLogInfo java.util.logging.Logger
DEBUG - org.apache.juli.ClassLoaderLogManager$ClassLoaderLogInfo org.apache.juli.ClassLoaderLogManager
DEBUG - org.apache.juli.ClassLoaderLogManager$ClassLoaderLogInfo org.apache.juli.ClassLoaderLogManager$LogNode
DEBUG - org.apache.juli.AsyncFileHandler$LogEntry java.lang.Object
DEBUG - org.apache.juli.AsyncFileHandler$LogEntry java.util.logging.LogRecord
DEBUG - org.apache.juli.AsyncFileHandler$LogEntry org.apache.juli.AsyncFileHandler
DEBUG - org.apache.commons.daemon.support.DaemonLoader$Context java.lang.Object
DEBUG - org.apache.commons.daemon.support.DaemonLoader$Context java.lang.String
DEBUG - org.apache.commons.daemon.support.DaemonLoader$Context org.apache.commons.daemon.DaemonContext
DEBUG - org.apache.commons.daemon.support.DaemonLoader$Context org.apache.commons.daemon.DaemonController
DEBUG - org.apache.commons.daemon.support.DaemonLoader$Context org.apache.commons.daemon.support.DaemonLoader
DEBUG - org.apache.catalina.startup.ClassLoaderFactory java.io.File
DEBUG - org.apache.catalina.startup.ClassLoaderFactory java.io.IOException
DEBUG - org.apache.catalina.startup.ClassLoaderFactory java.lang.Class
DEBUG - org.apache.catalina.startup.ClassLoaderFactory java.lang.ClassLoader
DEBUG - org.apache.catalina.startup.ClassLoaderFactory java.lang.Exception
DEBUG - org.apache.catalina.startup.ClassLoaderFactory java.lang.Object
DEBUG - org.apache.catalina.startup.ClassLoaderFactory java.lang.String
DEBUG - org.apache.catalina.startup.ClassLoaderFactory java.lang.StringBuilder
DEBUG - org.apache.catalina.startup.ClassLoaderFactory java.net.MalformedURLException
DEBUG - org.apache.catalina.startup.ClassLoaderFactory java.net.URI
DEBUG - org.apache.catalina.startup.ClassLoaderFactory java.net.URL
DEBUG - org.apache.catalina.startup.ClassLoaderFactory java.security.AccessController
DEBUG - org.apache.catalina.startup.ClassLoaderFactory java.security.PrivilegedAction
DEBUG - org.apache.catalina.startup.ClassLoaderFactory java.util.Iterator
DEBUG - org.apache.catalina.startup.ClassLoaderFactory java.util.LinkedHashSet
DEBUG - org.apache.catalina.startup.ClassLoaderFactory java.util.List
DEBUG - org.apache.catalina.startup.ClassLoaderFactory java.util.Locale
DEBUG - org.apache.catalina.startup.ClassLoaderFactory java.util.Set
DEBUG - org.apache.catalina.startup.ClassLoaderFactory org.apache.catalina.startup.Bootstrap
DEBUG - org.apache.catalina.startup.ClassLoaderFactory org.apache.catalina.startup.ClassLoaderFactory$1
DEBUG - org.apache.catalina.startup.ClassLoaderFactory org.apache.catalina.startup.ClassLoaderFactory$2
DEBUG - org.apache.catalina.startup.ClassLoaderFactory org.apache.catalina.startup.ClassLoaderFactory$Repository
DEBUG - org.apache.catalina.startup.ClassLoaderFactory org.apache.catalina.startup.ClassLoaderFactory$RepositoryType
DEBUG - org.apache.catalina.startup.ClassLoaderFactory org.apache.juli.logging.Log
DEBUG - org.apache.catalina.startup.ClassLoaderFactory org.apache.juli.logging.LogFactory
DEBUG - org.apache.commons.daemon.support.DaemonWrapper$Invoker java.lang.Class
DEBUG - org.apache.commons.daemon.support.DaemonWrapper$Invoker java.lang.ClassLoader
DEBUG - org.apache.commons.daemon.support.DaemonWrapper$Invoker java.lang.ClassNotFoundException
DEBUG - org.apache.commons.daemon.support.DaemonWrapper$Invoker java.lang.Exception
DEBUG - org.apache.commons.daemon.support.DaemonWrapper$Invoker java.lang.NullPointerException
DEBUG - org.apache.commons.daemon.support.DaemonWrapper$Invoker java.lang.Object
DEBUG - org.apache.commons.daemon.support.DaemonWrapper$Invoker java.lang.String
DEBUG - org.apache.commons.daemon.support.DaemonWrapper$Invoker java.lang.System
DEBUG - org.apache.commons.daemon.support.DaemonWrapper$Invoker java.lang.reflect.Method
DEBUG - org.apache.commons.daemon.support.DaemonWrapper$Invoker java.util.ArrayList
DEBUG - org.apache.commons.daemon.support.DaemonWrapper$Invoker java.util.Arrays
DEBUG - org.apache.commons.daemon.support.DaemonWrapper$Invoker java.util.Collection
DEBUG - org.apache.commons.daemon.support.DaemonWrapper$Invoker java.util.List
DEBUG - org.apache.commons.daemon.support.DaemonWrapper$Invoker org.apache.commons.daemon.support.DaemonWrapper
DEBUG - org.apache.juli.logging.Log java.lang.Object
DEBUG - org.apache.juli.logging.Log java.lang.Throwable
DEBUG - org.apache.juli.ClassLoaderLogManager$RootLogger java.lang.String
DEBUG - org.apache.juli.ClassLoaderLogManager$RootLogger java.util.logging.Logger
DEBUG - org.apache.juli.ClassLoaderLogManager$RootLogger org.apache.juli.ClassLoaderLogManager
DEBUG - org.apache.juli.JdkLoggerFormatter java.io.PrintWriter
DEBUG - org.apache.juli.JdkLoggerFormatter java.io.StringWriter
DEBUG - org.apache.juli.JdkLoggerFormatter java.io.Writer
DEBUG - org.apache.juli.JdkLoggerFormatter java.lang.String
DEBUG - org.apache.juli.JdkLoggerFormatter java.lang.StringBuilder
DEBUG - org.apache.juli.JdkLoggerFormatter java.lang.System
DEBUG - org.apache.juli.JdkLoggerFormatter java.lang.Throwable
DEBUG - org.apache.juli.JdkLoggerFormatter java.util.logging.Formatter
DEBUG - org.apache.juli.JdkLoggerFormatter java.util.logging.Level
DEBUG - org.apache.juli.JdkLoggerFormatter java.util.logging.LogRecord
DEBUG - org.apache.juli.OneLineFormatter java.io.PrintWriter
DEBUG - org.apache.juli.OneLineFormatter java.io.StringWriter
DEBUG - org.apache.juli.OneLineFormatter java.io.Writer
DEBUG - org.apache.juli.OneLineFormatter java.lang.Object
DEBUG - org.apache.juli.OneLineFormatter java.lang.String
DEBUG - org.apache.juli.OneLineFormatter java.lang.StringBuffer
DEBUG - org.apache.juli.OneLineFormatter java.lang.StringBuilder
DEBUG - org.apache.juli.OneLineFormatter java.lang.System
DEBUG - org.apache.juli.OneLineFormatter java.lang.Thread
DEBUG - org.apache.juli.OneLineFormatter java.lang.ThreadLocal
DEBUG - org.apache.juli.OneLineFormatter java.lang.Throwable
DEBUG - org.apache.juli.OneLineFormatter java.util.logging.Formatter
DEBUG - org.apache.juli.OneLineFormatter java.util.logging.Level
DEBUG - org.apache.juli.OneLineFormatter java.util.logging.LogRecord
DEBUG - org.apache.juli.OneLineFormatter org.apache.juli.DateFormatCache
DEBUG - org.apache.juli.OneLineFormatter org.apache.juli.OneLineFormatter$1
DEBUG - Running acdc for revision tomcat1.0.0
DEBUG - Running smell detecion for revision tomcat1.0.0
DEBUG - Elapsed time in milliseconds: 72
DEBUG - Found and built clusters:
DEBUG - org.apache.commons.daemon.support.ss
DEBUG - org.apache.juli.ss
DEBUG - org.apache.commons.daemon.ss
DEBUG - org.apache.catalina.startup.ss
DEBUG - org.apache.juli.logging.ss
DEBUG - org.apache.naming.ss
DEBUG - Elapsed time in milliseconds: 110
DEBUG - No. of vertices: 6
DEBUG - No. of edges: 14
DEBUG - Counting this strongly connected component set as relevant
DEBUG - [org.apache.commons.daemon.support.ss, org.apache.juli.ss, org.apache.catalina.startup.ss, org.apache.juli.logging.ss]
DEBUG - scc size: 4
DEBUG - Number of strongly connected components: 1
DEBUG - Computing the in and out degress of each vertex
DEBUG - 	org.apache.commons.daemon.support.ss
DEBUG - 		 in degree: 3
DEBUG - 		 out degree: 3
DEBUG - 	org.apache.juli.ss
DEBUG - 		 in degree: 5
DEBUG - 		 out degree: 3
DEBUG - 	org.apache.commons.daemon.ss
DEBUG - 		 in degree: 0
DEBUG - 		 out degree: 1
DEBUG - 	org.apache.catalina.startup.ss
DEBUG - 		 in degree: 3
DEBUG - 		 out degree: 3
DEBUG - 	org.apache.juli.logging.ss
DEBUG - 		 in degree: 3
DEBUG - 		 out degree: 3
DEBUG - 	org.apache.naming.ss
DEBUG - 		 in degree: 0
DEBUG - 		 out degree: 1
DEBUG - mean of in degrees: 2.3333333333333335
DEBUG - mean of out degrees: 2.3333333333333335
DEBUG - mean of in plus out degrees: 4.666666666666667
DEBUG - std dev of in degrees: 1.9663841605003503
DEBUG - std dev of out degrees: 1.0327955589886444
DEBUG - std dev of in plus out degrees: 2.9439202887759492
DEBUG - org.apache.commons.daemon.support.ss has smells bdc
DEBUG - org.apache.juli.ss has smells bdc
DEBUG - org.apache.catalina.startup.ss has smells bdc
DEBUG - org.apache.juli.logging.ss has smells bdc
DEBUG - bdc : [org.apache.commons.daemon.support.ss, org.apache.juli.ss, org.apache.catalina.startup.ss, org.apache.juli.logging.ss]
DEBUG - bdc org.apache.commons.daemon.support.ss,org.apache.juli.ss,org.apache.catalina.startup.ss,org.apache.juli.logging.ss
